<?xml version="1.0" encoding="UTF-8"?>
<testng-results ignored="0" total="1" passed="1" failed="0" skipped="0">
  <reporter-output>
  </reporter-output>
  <suite started-at="2023-05-23T16:20:27 PKT" name="Surefire suite" finished-at="2023-05-23T16:20:27 PKT" duration-ms="165">
    <groups>
    </groups>
    <test started-at="2023-05-23T16:20:27 PKT" name="Surefire test" finished-at="2023-05-23T16:20:27 PKT" duration-ms="165">
      <class name="Automation.Pakwheel.AppTest">
        <test-method signature="shouldAnswerWithTrue()" started-at="2023-05-23T16:20:27 PKT" name="shouldAnswerWithTrue" finished-at="2023-05-23T16:20:27 PKT" duration-ms="20" status="PASS">
          <reporter-output>
          </reporter-output>
        </test-method> <!-- shouldAnswerWithTrue -->
      </class> <!-- Automation.Pakwheel.AppTest -->
    </test> <!-- Surefire test -->
  </suite> <!-- Surefire suite -->
</testng-results>
