<?xml version="1.0" encoding="UTF-8"?>
<!-- Generated by org.testng.reporters.JUnitXMLReporter -->
<testsuite ignored="0" hostname="DESKTOP-T0FEKI0" failures="0" tests="5" name="Default test" time="23.509" errors="0" timestamp="2023-05-26T16:49:51 PKT">
  <testcase classname="Automation.Pakwheel.HomePageTest" name="SubscribeNewsLetterCancel" time="0.548"/>
  <testcase classname="Automation.Pakwheel.HomePageTest" name="mainLogoVisibility" time="0.435"/>
  <testcase classname="Automation.Pakwheel.HomePageTest" name="DownloadAppBtn" time="1.445"/>
  <testcase classname="Automation.Pakwheel.HomePageTest" name="urduLanguageBtn" time="4.903"/>
  <testcase classname="Automation.Pakwheel.HomePageTest" name="main_banner_text_verification" time="3.383"/>
</testsuite> <!-- Default test -->
