<?xml version="1.0" encoding="UTF-8"?>
<testng-results ignored="0" total="1" passed="1" failed="0" skipped="0">
  <reporter-output>
  </reporter-output>
  <suite started-at="2023-05-23T16:20:13 PKT" name="Surefire suite" finished-at="2023-05-23T16:20:27 PKT" duration-ms="13049">
    <groups>
    </groups>
    <test started-at="2023-05-23T16:20:13 PKT" name="Surefire test" finished-at="2023-05-23T16:20:27 PKT" duration-ms="13049">
      <class name="Automation.Pakwheel.HomePageTest">
        <test-method is-config="true" signature="Initialization()[pri:0, instance:Automation.Pakwheel.HomePageTest@78047b92]" started-at="2023-05-23T16:20:13 PKT" name="Initialization" finished-at="2023-05-23T16:20:26 PKT" duration-ms="12791" status="PASS">
          <reporter-output>
          </reporter-output>
        </test-method> <!-- Initialization -->
      </class> <!-- Automation.Pakwheel.HomePageTest -->
      <class name="Automation.Pakwheel.TestClass">
        <test-method signature="Test()[pri:0, instance:Automation.Pakwheel.TestClass@13c10b87]" started-at="2023-05-23T16:20:26 PKT" name="Test" finished-at="2023-05-23T16:20:26 PKT" duration-ms="3" status="PASS">
          <reporter-output>
          </reporter-output>
        </test-method> <!-- Test -->
      </class> <!-- Automation.Pakwheel.TestClass -->
    </test> <!-- Surefire test -->
  </suite> <!-- Surefire suite -->
</testng-results>
